[20:03:37] [ServerMain/INFO]: [bootstrap] Running Java 21 (OpenJDK 64-Bit Server VM 21.0.10+7-LTS; Eclipse Adoptium Temurin-21.0.10+7) on Linux 7.0.3-arch1-2 (amd64)
[20:03:37] [ServerMain/INFO]: [bootstrap] Loading Paper 1.21.1-133-ver/1.21.1@3cb8529 (2025-03-28T16:14:36Z) for Minecraft 1.21.1
[20:03:37] [ServerMain/INFO]: [PluginInitializerManager] Initializing plugins...
[20:03:38] [ServerMain/INFO]: [PluginInitializerManager] Initialized 1 plugin
[20:03:38] [ServerMain/INFO]: [PluginInitializerManager] Paper plugins (1):
 - RPGSkillsPlugin (1.0.0)
[20:03:40] [ServerMain/INFO]: Environment: Environment[sessionHost=https://sessionserver.mojang.com, servicesHost=https://api.minecraftservices.com, name=PROD]
[20:03:40] [ServerMain/INFO]: Found new data pack file/bukkit, loading it automatically
[20:03:40] [ServerMain/INFO]: Found new data pack paper, loading it automatically
[20:03:40] [ServerMain/INFO]: No existing world data, creating new world
[20:03:40] [ServerMain/INFO]: Loaded 1290 recipes
[20:03:40] [ServerMain/INFO]: Loaded 1399 advancements
[20:03:40] [Server thread/INFO]: Starting minecraft server version 1.21.1
[20:03:40] [Server thread/INFO]: Loading properties
[20:03:40] [Server thread/INFO]: This server is running Paper version 1.21.1-133-ver/1.21.1@3cb8529 (2025-03-28T16:14:36Z) (Implementing API version 1.21.1-R0.1-SNAPSHOT)
[20:03:41] [Server thread/INFO]: [spark] This server bundles the spark profiler. For more information please visit https://docs.papermc.io/paper/profiling
[20:03:41] [Server thread/INFO]: Server Ping Player Sample Count: 12
[20:03:41] [Server thread/INFO]: Using 4 threads for Netty based IO
[20:03:41] [Server thread/INFO]: [ChunkTaskScheduler] Chunk system is using 1 I/O threads, 3 worker threads, and population gen parallelism of 3 threads
[20:03:41] [Server thread/INFO]: Default game type: SURVIVAL
[20:03:41] [Server thread/INFO]: Generating keypair
[20:03:41] [Server thread/INFO]: Starting Minecraft server on *:25565
[20:03:41] [Server thread/INFO]: Using epoll channel type
[20:03:41] [Server thread/INFO]: Paper: Using libdeflate (Linux x86_64) compression from Velocity.
[20:03:41] [Server thread/INFO]: Paper: Using OpenSSL 3.x.x (Linux x86_64) cipher from Velocity.
[20:03:41] [Server thread/INFO]: [RPGSkillsPlugin] Loading server plugin RPGSkillsPlugin v1.0.0
[20:03:41] [Server thread/INFO]: Preparing level "world"
[20:03:44] [Server thread/INFO]: Preparing start region for dimension minecraft:overworld
[20:03:45] [Server thread/INFO]: Time elapsed: 1159 ms
[20:03:45] [Server thread/INFO]: Preparing start region for dimension minecraft:the_nether
[20:03:46] [Server thread/INFO]: Time elapsed: 450 ms
[20:03:46] [Server thread/INFO]: Preparing start region for dimension minecraft:the_end
[20:03:46] [Server thread/INFO]: Time elapsed: 110 ms
[20:03:46] [Server thread/INFO]: [RPGSkillsPlugin] Enabling RPGSkillsPlugin v1.0.0
[20:03:46] [Server thread/INFO]: [spark] Starting background profiler...
[20:03:46] [Server thread/INFO]: Done preparing level "world" (4.375s)
[20:03:46] [Server thread/INFO]: Running delayed init tasks
[20:03:46] [Server thread/INFO]: Done (9.040s)! For help, type "help"
[20:03:46] [Server thread/INFO]: *************************************************************************************
[20:03:46] [Server thread/INFO]: This is the first time you're starting this server.
[20:03:46] [Server thread/INFO]: It's recommended you read our 'Getting Started' documentation for guidance.
[20:03:46] [Server thread/INFO]: View this and more helpful information here: https://docs.papermc.io/paper/next-steps
[20:03:46] [Server thread/INFO]: *************************************************************************************
[20:03:46] [Server thread/INFO]: Timings Reset
[20:04:02] [Server thread/INFO]: Stopping server
[20:04:02] [Server thread/INFO]: [RPGSkillsPlugin] Disabling RPGSkillsPlugin v1.0.0
[20:04:02] [Server thread/INFO]: Saving players
[20:04:02] [Server thread/INFO]: Saving worlds
[20:04:02] [Server thread/INFO]: Saving chunks for level 'ServerLevel[world]'/minecraft:overworld
[20:04:02] [Server thread/INFO]: [ChunkHolderManager] Waiting 60s for chunk system to halt for world 'world'
[20:04:02] [Server thread/INFO]: [ChunkHolderManager] Halted chunk system for world 'world'
[20:04:02] [Server thread/INFO]: [ChunkHolderManager] Saving all chunkholders for world 'world'
[20:04:03] [Server thread/INFO]: [ChunkHolderManager] Saved 841 block chunks, 49 entity chunks, 0 poi chunks in world 'world' in 0,33s
[20:04:03] [Server thread/INFO]: Saving chunks for level 'ServerLevel[world_nether]'/minecraft:the_nether
[20:04:03] [Server thread/INFO]: [ChunkHolderManager] Waiting 60s for chunk system to halt for world 'world_nether'
[20:04:03] [Server thread/INFO]: [ChunkHolderManager] Halted chunk system for world 'world_nether'
[20:04:03] [Server thread/INFO]: [ChunkHolderManager] Saving all chunkholders for world 'world_nether'
[20:04:03] [Server thread/INFO]: [ChunkHolderManager] Saved 841 block chunks, 49 entity chunks, 0 poi chunks in world 'world_nether' in 0,14s
[20:04:03] [Server thread/INFO]: Saving chunks for level 'ServerLevel[world_the_end]'/minecraft:the_end
[20:04:03] [Server thread/INFO]: [ChunkHolderManager] Waiting 60s for chunk system to halt for world 'world_the_end'
[20:04:03] [Server thread/INFO]: [ChunkHolderManager] Halted chunk system for world 'world_the_end'
[20:04:03] [Server thread/INFO]: [ChunkHolderManager] Saving all chunkholders for world 'world_the_end'
[20:04:03] [Server thread/INFO]: [ChunkHolderManager] Saved 841 block chunks, 49 entity chunks, 0 poi chunks in world 'world_the_end' in 0,13s
[20:04:03] [Server thread/INFO]: ThreadedAnvilChunkStorage (world): All chunks are saved
[20:04:03] [Server thread/INFO]: ThreadedAnvilChunkStorage (DIM-1): All chunks are saved
[20:04:03] [Server thread/INFO]: ThreadedAnvilChunkStorage (DIM1): All chunks are saved
[20:04:03] [Server thread/INFO]: ThreadedAnvilChunkStorage: All dimensions are saved
